<?xml version="1.0" encoding="UTF-8"?>
<testsuite xmlns:xsi="http://www.w3.org/2001/XMLSchema-instance" xsi:noNamespaceSchemaLocation="https://maven.apache.org/surefire/maven-surefire-plugin/xsd/surefire-test-report.xsd" name="TestSuite" time="5.394" tests="1" errors="0" skipped="0" failures="0">
  <properties>
    <property name="java.specification.version" value="17"/>
    <property name="sun.cpu.isalist" value="amd64"/>
    <property name="sun.jnu.encoding" value="Cp1252"/>
    <property name="java.class.path" value="C:\Users\USER\eclipse-workspace\restassureddemo\target\test-classes;C:\Users\USER\eclipse-workspace\restassureddemo\target\classes;C:\Users\USER\.m2\repository\org\hamcrest\hamcrest-core\2.2\hamcrest-core-2.2.jar;C:\Users\USER\.m2\repository\org\hamcrest\hamcrest\2.2\hamcrest-2.2.jar;C:\Users\USER\.m2\repository\org\codehaus\groovy\groovy\3.0.7\groovy-3.0.7.jar;C:\Users\USER\.m2\repository\org\codehaus\groovy\groovy-ant\3.0.7\groovy-ant-3.0.7.jar;C:\Users\USER\.m2\repository\org\apache\ant\ant\1.10.9\ant-1.10.9.jar;C:\Users\USER\.m2\repository\org\apache\ant\ant-junit\1.10.9\ant-junit-1.10.9.jar;C:\Users\USER\.m2\repository\org\apache\ant\ant-launcher\1.10.9\ant-launcher-1.10.9.jar;C:\Users\USER\.m2\repository\org\apache\ant\ant-antlr\1.10.9\ant-antlr-1.10.9.jar;C:\Users\USER\.m2\repository\org\codehaus\groovy\groovy-astbuilder\3.0.7\groovy-astbuilder-3.0.7.jar;C:\Users\USER\.m2\repository\org\codehaus\groovy\groovy-cli-picocli\3.0.7\groovy-cli-picocli-3.0.7.jar;C:\Users\USER\.m2\repository\info\picocli\picocli\4.5.2\picocli-4.5.2.jar;C:\Users\USER\.m2\repository\org\codehaus\groovy\groovy-console\3.0.7\groovy-console-3.0.7.jar;C:\Users\USER\.m2\repository\org\codehaus\groovy\groovy-datetime\3.0.7\groovy-datetime-3.0.7.jar;C:\Users\USER\.m2\repository\org\codehaus\groovy\groovy-docgenerator\3.0.7\groovy-docgenerator-3.0.7.jar;C:\Users\USER\.m2\repository\com\thoughtworks\qdox\qdox\1.12.1\qdox-1.12.1.jar;C:\Users\USER\.m2\repository\org\codehaus\groovy\groovy-groovydoc\3.0.7\groovy-groovydoc-3.0.7.jar;C:\Users\USER\.m2\repository\com\github\javaparser\javaparser-core\3.17.0\javaparser-core-3.17.0.jar;C:\Users\USER\.m2\repository\org\codehaus\groovy\groovy-groovysh\3.0.7\groovy-groovysh-3.0.7.jar;C:\Users\USER\.m2\repository\jline\jline\2.14.6\jline-2.14.6.jar;C:\Users\USER\.m2\repository\org\codehaus\groovy\groovy-jmx\3.0.7\groovy-jmx-3.0.7.jar;C:\Users\USER\.m2\repository\org\codehaus\groovy\groovy-json\3.0.7\groovy-json-3.0.7.jar;C:\Users\USER\.m2\repository\org\codehaus\groovy\groovy-jsr223\3.0.7\groovy-jsr223-3.0.7.jar;C:\Users\USER\.m2\repository\org\codehaus\groovy\groovy-macro\3.0.7\groovy-macro-3.0.7.jar;C:\Users\USER\.m2\repository\org\codehaus\groovy\groovy-nio\3.0.7\groovy-nio-3.0.7.jar;C:\Users\USER\.m2\repository\org\codehaus\groovy\groovy-servlet\3.0.7\groovy-servlet-3.0.7.jar;C:\Users\USER\.m2\repository\org\codehaus\groovy\groovy-sql\3.0.7\groovy-sql-3.0.7.jar;C:\Users\USER\.m2\repository\org\codehaus\groovy\groovy-swing\3.0.7\groovy-swing-3.0.7.jar;C:\Users\USER\.m2\repository\org\codehaus\groovy\groovy-templates\3.0.7\groovy-templates-3.0.7.jar;C:\Users\USER\.m2\repository\org\codehaus\groovy\groovy-test\3.0.7\groovy-test-3.0.7.jar;C:\Users\USER\.m2\repository\org\codehaus\groovy\groovy-test-junit5\3.0.7\groovy-test-junit5-3.0.7.jar;C:\Users\USER\.m2\repository\org\junit\jupiter\junit-jupiter-api\5.7.0\junit-jupiter-api-5.7.0.jar;C:\Users\USER\.m2\repository\org\opentest4j\opentest4j\1.2.0\opentest4j-1.2.0.jar;C:\Users\USER\.m2\repository\org\junit\platform\junit-platform-launcher\1.7.0\junit-platform-launcher-1.7.0.jar;C:\Users\USER\.m2\repository\org\junit\platform\junit-platform-engine\1.7.0\junit-platform-engine-1.7.0.jar;C:\Users\USER\.m2\repository\org\junit\platform\junit-platform-commons\1.7.0\junit-platform-commons-1.7.0.jar;C:\Users\USER\.m2\repository\org\junit\jupiter\junit-jupiter-engine\5.7.0\junit-jupiter-engine-5.7.0.jar;C:\Users\USER\.m2\repository\org\codehaus\groovy\groovy-testng\3.0.7\groovy-testng-3.0.7.jar;C:\Users\USER\.m2\repository\org\codehaus\groovy\groovy-xml\3.0.7\groovy-xml-3.0.7.jar;C:\Users\USER\.m2\repository\io\rest-assured\rest-assured\4.1.1\rest-assured-4.1.1.jar;C:\Users\USER\.m2\repository\org\apache\httpcomponents\httpclient\4.5.3\httpclient-4.5.3.jar;C:\Users\USER\.m2\repository\org\apache\httpcomponents\httpcore\4.4.6\httpcore-4.4.6.jar;C:\Users\USER\.m2\repository\commons-logging\commons-logging\1.2\commons-logging-1.2.jar;C:\Users\USER\.m2\repository\org\apache\httpcomponents\httpmime\4.5.3\httpmime-4.5.3.jar;C:\Users\USER\.m2\repository\org\ccil\cowan\tagsoup\tagsoup\1.2.1\tagsoup-1.2.1.jar;C:\Users\USER\.m2\repository\io\rest-assured\json-path\4.3.3\json-path-4.3.3.jar;C:\Users\USER\.m2\repository\io\rest-assured\rest-assured-common\4.3.3\rest-assured-common-4.3.3.jar;C:\Users\USER\.m2\repository\io\rest-assured\xml-path\4.3.3\xml-path-4.3.3.jar;C:\Users\USER\.m2\repository\org\apache\commons\commons-lang3\3.11\commons-lang3-3.11.jar;C:\Users\USER\.m2\repository\jakarta\xml\bind\jakarta.xml.bind-api\2.3.3\jakarta.xml.bind-api-2.3.3.jar;C:\Users\USER\.m2\repository\com\sun\xml\bind\jaxb-impl\2.3.3\jaxb-impl-2.3.3.jar;C:\Users\USER\.m2\repository\io\rest-assured\json-schema-validator\4.2.0\json-schema-validator-4.2.0.jar;C:\Users\USER\.m2\repository\com\github\java-json-tools\json-schema-validator\2.2.10\json-schema-validator-2.2.10.jar;C:\Users\USER\.m2\repository\com\github\java-json-tools\json-schema-core\1.2.10\json-schema-core-1.2.10.jar;C:\Users\USER\.m2\repository\com\github\java-json-tools\jackson-coreutils\1.9\jackson-coreutils-1.9.jar;C:\Users\USER\.m2\repository\com\fasterxml\jackson\core\jackson-databind\2.2.3\jackson-databind-2.2.3.jar;C:\Users\USER\.m2\repository\com\fasterxml\jackson\core\jackson-annotations\2.2.3\jackson-annotations-2.2.3.jar;C:\Users\USER\.m2\repository\com\fasterxml\jackson\core\jackson-core\2.2.3\jackson-core-2.2.3.jar;C:\Users\USER\.m2\repository\com\google\guava\guava\16.0.1\guava-16.0.1.jar;C:\Users\USER\.m2\repository\com\github\fge\msg-simple\1.1\msg-simple-1.1.jar;C:\Users\USER\.m2\repository\com\github\fge\btf\1.2\btf-1.2.jar;C:\Users\USER\.m2\repository\com\github\fge\uri-template\0.9\uri-template-0.9.jar;C:\Users\USER\.m2\repository\org\mozilla\rhino\1.7.7.1\rhino-1.7.7.1.jar;C:\Users\USER\.m2\repository\javax\mail\mailapi\1.4.3\mailapi-1.4.3.jar;C:\Users\USER\.m2\repository\joda-time\joda-time\2.9.7\joda-time-2.9.7.jar;C:\Users\USER\.m2\repository\com\googlecode\libphonenumber\libphonenumber\8.0.0\libphonenumber-8.0.0.jar;C:\Users\USER\.m2\repository\com\google\code\findbugs\jsr305\3.0.1\jsr305-3.0.1.jar;C:\Users\USER\.m2\repository\net\sf\jopt-simple\jopt-simple\5.0.3\jopt-simple-5.0.3.jar;C:\Users\USER\.m2\repository\org\testng\testng\7.0.0\testng-7.0.0.jar;C:\Users\USER\.m2\repository\com\beust\jcommander\1.72\jcommander-1.72.jar;C:\Users\USER\.m2\repository\com\googlecode\json-simple\json-simple\1.1.1\json-simple-1.1.1.jar;C:\Users\USER\.m2\repository\junit\junit\4.10\junit-4.10.jar;C:\Users\USER\.m2\repository\org\apache\poi\poi\3.9\poi-3.9.jar;C:\Users\USER\.m2\repository\commons-codec\commons-codec\1.5\commons-codec-1.5.jar;C:\Users\USER\.m2\repository\org\apache\poi\poi-ooxml\3.9\poi-ooxml-3.9.jar;C:\Users\USER\.m2\repository\org\apache\poi\poi-ooxml-schemas\3.9\poi-ooxml-schemas-3.9.jar;C:\Users\USER\.m2\repository\org\apache\xmlbeans\xmlbeans\2.3.0\xmlbeans-2.3.0.jar;C:\Users\USER\.m2\repository\stax\stax-api\1.0.1\stax-api-1.0.1.jar;C:\Users\USER\.m2\repository\dom4j\dom4j\1.6.1\dom4j-1.6.1.jar;C:\Users\USER\.m2\repository\xml-apis\xml-apis\1.0.b2\xml-apis-1.0.b2.jar;C:\Users\USER\.m2\repository\org\apache\poi\poi-scratchpad\3.9\poi-scratchpad-3.9.jar;C:\Users\USER\.m2\repository\org\apache\poi\openxml4j\1.0-beta\openxml4j-1.0-beta.jar;C:\Users\USER\.m2\repository\log4j\log4j\1.2.8\log4j-1.2.8.jar;C:\Users\USER\.m2\repository\io\rest-assured\rest-assured-all\4.2.0\rest-assured-all-4.2.0.jar;C:\Users\USER\.m2\repository\jakarta\activation\jakarta.activation-api\1.2.1\jakarta.activation-api-1.2.1.jar;C:\Users\USER\.m2\repository\com\sun\xml\bind\jaxb-osgi\2.3.0.1\jaxb-osgi-2.3.0.1.jar;C:\Users\USER\.m2\repository\org\apache\sling\org.apache.sling.javax.activation\0.1.0\org.apache.sling.javax.activation-0.1.0.jar;C:\Users\USER\.m2\repository\javax\activation\activation\1.1.1\activation-1.1.1.jar;"/>
    <property name="java.vm.vendor" value="Eclipse Adoptium"/>
    <property name="sun.arch.data.model" value="64"/>
    <property name="user.variant" value=""/>
    <property name="java.vendor.url" value="https://adoptium.net/"/>
    <property name="user.timezone" value="Asia/Calcutta"/>
    <property name="os.name" value="Windows 10"/>
    <property name="java.vm.specification.version" value="17"/>
    <property name="sun.java.launcher" value="SUN_STANDARD"/>
    <property name="user.country" value="IN"/>
    <property name="sun.boot.library.path" value="C:\Users\USER\.p2\pool\plugins\org.eclipse.justj.openjdk.hotspot.jre.full.win32.x86_64_17.0.1.v20211116-1657\jre\bin"/>
    <property name="sun.java.command" value="C:\Users\USER\AppData\Local\Temp\surefire4639746626956584987\surefirebooter16544884590822407275.jar C:\Users\USER\AppData\Local\Temp\surefire4639746626956584987 2022-02-12T10-30-45_075-jvmRun1 surefire12498153080853204496tmp surefire_012259306299145754128tmp"/>
    <property name="jdk.debug" value="release"/>
    <property name="surefire.test.class.path" value="C:\Users\USER\eclipse-workspace\restassureddemo\target\test-classes;C:\Users\USER\eclipse-workspace\restassureddemo\target\classes;C:\Users\USER\.m2\repository\org\hamcrest\hamcrest-core\2.2\hamcrest-core-2.2.jar;C:\Users\USER\.m2\repository\org\hamcrest\hamcrest\2.2\hamcrest-2.2.jar;C:\Users\USER\.m2\repository\org\codehaus\groovy\groovy\3.0.7\groovy-3.0.7.jar;C:\Users\USER\.m2\repository\org\codehaus\groovy\groovy-ant\3.0.7\groovy-ant-3.0.7.jar;C:\Users\USER\.m2\repository\org\apache\ant\ant\1.10.9\ant-1.10.9.jar;C:\Users\USER\.m2\repository\org\apache\ant\ant-junit\1.10.9\ant-junit-1.10.9.jar;C:\Users\USER\.m2\repository\org\apache\ant\ant-launcher\1.10.9\ant-launcher-1.10.9.jar;C:\Users\USER\.m2\repository\org\apache\ant\ant-antlr\1.10.9\ant-antlr-1.10.9.jar;C:\Users\USER\.m2\repository\org\codehaus\groovy\groovy-astbuilder\3.0.7\groovy-astbuilder-3.0.7.jar;C:\Users\USER\.m2\repository\org\codehaus\groovy\groovy-cli-picocli\3.0.7\groovy-cli-picocli-3.0.7.jar;C:\Users\USER\.m2\repository\info\picocli\picocli\4.5.2\picocli-4.5.2.jar;C:\Users\USER\.m2\repository\org\codehaus\groovy\groovy-console\3.0.7\groovy-console-3.0.7.jar;C:\Users\USER\.m2\repository\org\codehaus\groovy\groovy-datetime\3.0.7\groovy-datetime-3.0.7.jar;C:\Users\USER\.m2\repository\org\codehaus\groovy\groovy-docgenerator\3.0.7\groovy-docgenerator-3.0.7.jar;C:\Users\USER\.m2\repository\com\thoughtworks\qdox\qdox\1.12.1\qdox-1.12.1.jar;C:\Users\USER\.m2\repository\org\codehaus\groovy\groovy-groovydoc\3.0.7\groovy-groovydoc-3.0.7.jar;C:\Users\USER\.m2\repository\com\github\javaparser\javaparser-core\3.17.0\javaparser-core-3.17.0.jar;C:\Users\USER\.m2\repository\org\codehaus\groovy\groovy-groovysh\3.0.7\groovy-groovysh-3.0.7.jar;C:\Users\USER\.m2\repository\jline\jline\2.14.6\jline-2.14.6.jar;C:\Users\USER\.m2\repository\org\codehaus\groovy\groovy-jmx\3.0.7\groovy-jmx-3.0.7.jar;C:\Users\USER\.m2\repository\org\codehaus\groovy\groovy-json\3.0.7\groovy-json-3.0.7.jar;C:\Users\USER\.m2\repository\org\codehaus\groovy\groovy-jsr223\3.0.7\groovy-jsr223-3.0.7.jar;C:\Users\USER\.m2\repository\org\codehaus\groovy\groovy-macro\3.0.7\groovy-macro-3.0.7.jar;C:\Users\USER\.m2\repository\org\codehaus\groovy\groovy-nio\3.0.7\groovy-nio-3.0.7.jar;C:\Users\USER\.m2\repository\org\codehaus\groovy\groovy-servlet\3.0.7\groovy-servlet-3.0.7.jar;C:\Users\USER\.m2\repository\org\codehaus\groovy\groovy-sql\3.0.7\groovy-sql-3.0.7.jar;C:\Users\USER\.m2\repository\org\codehaus\groovy\groovy-swing\3.0.7\groovy-swing-3.0.7.jar;C:\Users\USER\.m2\repository\org\codehaus\groovy\groovy-templates\3.0.7\groovy-templates-3.0.7.jar;C:\Users\USER\.m2\repository\org\codehaus\groovy\groovy-test\3.0.7\groovy-test-3.0.7.jar;C:\Users\USER\.m2\repository\org\codehaus\groovy\groovy-test-junit5\3.0.7\groovy-test-junit5-3.0.7.jar;C:\Users\USER\.m2\repository\org\junit\jupiter\junit-jupiter-api\5.7.0\junit-jupiter-api-5.7.0.jar;C:\Users\USER\.m2\repository\org\opentest4j\opentest4j\1.2.0\opentest4j-1.2.0.jar;C:\Users\USER\.m2\repository\org\junit\platform\junit-platform-launcher\1.7.0\junit-platform-launcher-1.7.0.jar;C:\Users\USER\.m2\repository\org\junit\platform\junit-platform-engine\1.7.0\junit-platform-engine-1.7.0.jar;C:\Users\USER\.m2\repository\org\junit\platform\junit-platform-commons\1.7.0\junit-platform-commons-1.7.0.jar;C:\Users\USER\.m2\repository\org\junit\jupiter\junit-jupiter-engine\5.7.0\junit-jupiter-engine-5.7.0.jar;C:\Users\USER\.m2\repository\org\codehaus\groovy\groovy-testng\3.0.7\groovy-testng-3.0.7.jar;C:\Users\USER\.m2\repository\org\codehaus\groovy\groovy-xml\3.0.7\groovy-xml-3.0.7.jar;C:\Users\USER\.m2\repository\io\rest-assured\rest-assured\4.1.1\rest-assured-4.1.1.jar;C:\Users\USER\.m2\repository\org\apache\httpcomponents\httpclient\4.5.3\httpclient-4.5.3.jar;C:\Users\USER\.m2\repository\org\apache\httpcomponents\httpcore\4.4.6\httpcore-4.4.6.jar;C:\Users\USER\.m2\repository\commons-logging\commons-logging\1.2\commons-logging-1.2.jar;C:\Users\USER\.m2\repository\org\apache\httpcomponents\httpmime\4.5.3\httpmime-4.5.3.jar;C:\Users\USER\.m2\repository\org\ccil\cowan\tagsoup\tagsoup\1.2.1\tagsoup-1.2.1.jar;C:\Users\USER\.m2\repository\io\rest-assured\json-path\4.3.3\json-path-4.3.3.jar;C:\Users\USER\.m2\repository\io\rest-assured\rest-assured-common\4.3.3\rest-assured-common-4.3.3.jar;C:\Users\USER\.m2\repository\io\rest-assured\xml-path\4.3.3\xml-path-4.3.3.jar;C:\Users\USER\.m2\repository\org\apache\commons\commons-lang3\3.11\commons-lang3-3.11.jar;C:\Users\USER\.m2\repository\jakarta\xml\bind\jakarta.xml.bind-api\2.3.3\jakarta.xml.bind-api-2.3.3.jar;C:\Users\USER\.m2\repository\com\sun\xml\bind\jaxb-impl\2.3.3\jaxb-impl-2.3.3.jar;C:\Users\USER\.m2\repository\io\rest-assured\json-schema-validator\4.2.0\json-schema-validator-4.2.0.jar;C:\Users\USER\.m2\repository\com\github\java-json-tools\json-schema-validator\2.2.10\json-schema-validator-2.2.10.jar;C:\Users\USER\.m2\repository\com\github\java-json-tools\json-schema-core\1.2.10\json-schema-core-1.2.10.jar;C:\Users\USER\.m2\repository\com\github\java-json-tools\jackson-coreutils\1.9\jackson-coreutils-1.9.jar;C:\Users\USER\.m2\repository\com\fasterxml\jackson\core\jackson-databind\2.2.3\jackson-databind-2.2.3.jar;C:\Users\USER\.m2\repository\com\fasterxml\jackson\core\jackson-annotations\2.2.3\jackson-annotations-2.2.3.jar;C:\Users\USER\.m2\repository\com\fasterxml\jackson\core\jackson-core\2.2.3\jackson-core-2.2.3.jar;C:\Users\USER\.m2\repository\com\google\guava\guava\16.0.1\guava-16.0.1.jar;C:\Users\USER\.m2\repository\com\github\fge\msg-simple\1.1\msg-simple-1.1.jar;C:\Users\USER\.m2\repository\com\github\fge\btf\1.2\btf-1.2.jar;C:\Users\USER\.m2\repository\com\github\fge\uri-template\0.9\uri-template-0.9.jar;C:\Users\USER\.m2\repository\org\mozilla\rhino\1.7.7.1\rhino-1.7.7.1.jar;C:\Users\USER\.m2\repository\javax\mail\mailapi\1.4.3\mailapi-1.4.3.jar;C:\Users\USER\.m2\repository\joda-time\joda-time\2.9.7\joda-time-2.9.7.jar;C:\Users\USER\.m2\repository\com\googlecode\libphonenumber\libphonenumber\8.0.0\libphonenumber-8.0.0.jar;C:\Users\USER\.m2\repository\com\google\code\findbugs\jsr305\3.0.1\jsr305-3.0.1.jar;C:\Users\USER\.m2\repository\net\sf\jopt-simple\jopt-simple\5.0.3\jopt-simple-5.0.3.jar;C:\Users\USER\.m2\repository\org\testng\testng\7.0.0\testng-7.0.0.jar;C:\Users\USER\.m2\repository\com\beust\jcommander\1.72\jcommander-1.72.jar;C:\Users\USER\.m2\repository\com\googlecode\json-simple\json-simple\1.1.1\json-simple-1.1.1.jar;C:\Users\USER\.m2\repository\junit\junit\4.10\junit-4.10.jar;C:\Users\USER\.m2\repository\org\apache\poi\poi\3.9\poi-3.9.jar;C:\Users\USER\.m2\repository\commons-codec\commons-codec\1.5\commons-codec-1.5.jar;C:\Users\USER\.m2\repository\org\apache\poi\poi-ooxml\3.9\poi-ooxml-3.9.jar;C:\Users\USER\.m2\repository\org\apache\poi\poi-ooxml-schemas\3.9\poi-ooxml-schemas-3.9.jar;C:\Users\USER\.m2\repository\org\apache\xmlbeans\xmlbeans\2.3.0\xmlbeans-2.3.0.jar;C:\Users\USER\.m2\repository\stax\stax-api\1.0.1\stax-api-1.0.1.jar;C:\Users\USER\.m2\repository\dom4j\dom4j\1.6.1\dom4j-1.6.1.jar;C:\Users\USER\.m2\repository\xml-apis\xml-apis\1.0.b2\xml-apis-1.0.b2.jar;C:\Users\USER\.m2\repository\org\apache\poi\poi-scratchpad\3.9\poi-scratchpad-3.9.jar;C:\Users\USER\.m2\repository\org\apache\poi\openxml4j\1.0-beta\openxml4j-1.0-beta.jar;C:\Users\USER\.m2\repository\log4j\log4j\1.2.8\log4j-1.2.8.jar;C:\Users\USER\.m2\repository\io\rest-assured\rest-assured-all\4.2.0\rest-assured-all-4.2.0.jar;C:\Users\USER\.m2\repository\jakarta\activation\jakarta.activation-api\1.2.1\jakarta.activation-api-1.2.1.jar;C:\Users\USER\.m2\repository\com\sun\xml\bind\jaxb-osgi\2.3.0.1\jaxb-osgi-2.3.0.1.jar;C:\Users\USER\.m2\repository\org\apache\sling\org.apache.sling.javax.activation\0.1.0\org.apache.sling.javax.activation-0.1.0.jar;C:\Users\USER\.m2\repository\javax\activation\activation\1.1.1\activation-1.1.1.jar;"/>
    <property name="sun.cpu.endian" value="little"/>
    <property name="user.home" value="C:\Users\USER"/>
    <property name="user.language" value="en"/>
    <property name="java.specification.vendor" value="Oracle Corporation"/>
    <property name="java.version.date" value="2021-10-19"/>
    <property name="java.home" value="C:\Users\USER\.p2\pool\plugins\org.eclipse.justj.openjdk.hotspot.jre.full.win32.x86_64_17.0.1.v20211116-1657\jre"/>
    <property name="file.separator" value="\"/>
    <property name="basedir" value="C:\Users\USER\eclipse-workspace\restassureddemo"/>
    <property name="java.vm.compressedOopsMode" value="32-bit"/>
    <property name="line.separator" value="&#10;"/>
    <property name="java.vm.specification.vendor" value="Oracle Corporation"/>
    <property name="java.specification.name" value="Java Platform API Specification"/>
    <property name="surefire.real.class.path" value="C:\Users\USER\AppData\Local\Temp\surefire4639746626956584987\surefirebooter16544884590822407275.jar"/>
    <property name="user.script" value=""/>
    <property name="sun.management.compiler" value="HotSpot 64-Bit Tiered Compilers"/>
    <property name="java.runtime.version" value="17.0.1+12"/>
    <property name="user.name" value="USER"/>
    <property name="path.separator" value=";"/>
    <property name="os.version" value="10.0"/>
    <property name="java.runtime.name" value="OpenJDK Runtime Environment"/>
    <property name="file.encoding" value="Cp1252"/>
    <property name="java.vm.name" value="OpenJDK 64-Bit Server VM"/>
    <property name="java.vendor.version" value="Temurin-17.0.1+12"/>
    <property name="localRepository" value="C:\Users\USER\.m2\repository"/>
    <property name="java.vendor.url.bug" value="https://github.com/adoptium/adoptium-support/issues"/>
    <property name="java.io.tmpdir" value="C:\Users\USER\AppData\Local\Temp\"/>
    <property name="java.version" value="17.0.1"/>
    <property name="user.dir" value="C:\Users\USER\eclipse-workspace\restassureddemo"/>
    <property name="os.arch" value="amd64"/>
    <property name="java.vm.specification.name" value="Java Virtual Machine Specification"/>
    <property name="sun.os.patch.level" value=""/>
    <property name="native.encoding" value="Cp1252"/>
    <property name="java.library.path" value="C:\Users\USER\.p2\pool\plugins\org.eclipse.justj.openjdk.hotspot.jre.full.win32.x86_64_17.0.1.v20211116-1657\jre\bin;C:\WINDOWS\Sun\Java\bin;C:\WINDOWS\system32;C:\WINDOWS;C:/Users/USER/.p2/pool/plugins/org.eclipse.justj.openjdk.hotspot.jre.full.win32.x86_64_17.0.1.v20211116-1657/jre/bin/server;C:/Users/USER/.p2/pool/plugins/org.eclipse.justj.openjdk.hotspot.jre.full.win32.x86_64_17.0.1.v20211116-1657/jre/bin;C:\WINDOWS\system32;C:\WINDOWS;C:\WINDOWS\System32\Wbem;C:\WINDOWS\System32\WindowsPowerShell\v1.0\;C:\WINDOWS\System32\OpenSSH\;C:\Program Files\Microsoft VS Code\bin;C:\Program Files\Git\cmd;C:\Program Files\nodejs\;C:\Users\USER\AppData\Local\Microsoft\WindowsApps;C:\Users\USER\AppData\Roaming\npm;C:\WINDOWS\system32;;."/>
    <property name="java.vm.info" value="mixed mode"/>
    <property name="java.vendor" value="Eclipse Adoptium"/>
    <property name="java.vm.version" value="17.0.1+12"/>
    <property name="sun.io.unicode.encoding" value="UnicodeLittle"/>
    <property name="java.class.version" value="61.0"/>
  </properties>
  <testcase name="firstTestCase" classname="restassureddemo.APITestsDemo" time="4.327"/>
</testsuite>