<?xml version="1.0" encoding="UTF-8"?>
<!-- Generated by org.testng.reporters.JUnitReportReporter -->
<testsuite hostname="DESKTOP-NGV32U7" failures="0" tests="1" name="restassureddemo.APITestsDemo" time="3.134" errors="0" timestamp="2022-02-14T23:38:15 IST" skipped="0">
  <testcase classname="restassureddemo.APITestsDemo" name="firstTestCase" time="3.134"/>
</testsuite> <!-- restassureddemo.APITestsDemo -->
