<?xml version="1.0" encoding="UTF-8"?>
<!-- Generated by org.testng.reporters.JUnitReportReporter -->
<testsuite hostname="DESKTOP-NGV32U7" failures="0" tests="1" name="restassureddemo.APITestsDemo" time="4.097" errors="0" timestamp="2022-02-12T10:30:34 IST" skipped="0">
  <testcase classname="restassureddemo.APITestsDemo" name="firstTestCase" time="4.097"/>
</testsuite> <!-- restassureddemo.APITestsDemo -->
