<?xml version="1.0" encoding="UTF-8"?>
<!-- Generated by org.testng.reporters.JUnitReportReporter -->
<testsuite hostname="DESKTOP-NGV32U7" failures="0" tests="1" name="restassureddemo.TestClass" time="2.871" errors="0" timestamp="2022-02-19T11:32:02 IST" skipped="0">
  <testcase classname="restassureddemo.TestClass" name="getReq" time="2.871"/>
</testsuite> <!-- restassureddemo.TestClass -->
